<?xml version="1.0" encoding="UTF-8"?>
<!-- Generated by org.testng.reporters.JUnitXMLReporter -->
<testsuite ignored="0" hostname="DESKTOP-1BLE9HI" failures="0" tests="2" name="Default test" time="0.293" errors="0" timestamp="2024-09-18T10:59:40 IST">
  <testcase classname="htmlMethods.Serialization_DeSerialization" name="Testserilization" time="0.218"/>
  <testcase classname="htmlMethods.Serialization_DeSerialization" name="testdeserialization" time="0.026"/>
</testsuite> <!-- Default test -->
