<?xml version="1.0" encoding="UTF-8"?>
<testng-results ignored="0" total="2" passed="2" failed="0" skipped="0">
  <reporter-output>
  </reporter-output>
  <suite started-at="2024-09-18T10:59:40 IST" name="Default suite" finished-at="2024-09-18T10:59:40 IST" duration-ms="293">
    <groups>
    </groups>
    <test started-at="2024-09-18T10:59:40 IST" name="Default test" finished-at="2024-09-18T10:59:40 IST" duration-ms="293">
      <class name="htmlMethods.Serialization_DeSerialization">
        <test-method signature="Testserilization()[pri:1, instance:htmlMethods.Serialization_DeSerialization@5e600dd5]" started-at="2024-09-18T10:59:40 IST" name="Testserilization" finished-at="2024-09-18T10:59:40 IST" duration-ms="218" status="PASS">
          <reporter-output>
          </reporter-output>
        </test-method> <!-- Testserilization -->
        <test-method signature="testdeserialization()[pri:2, instance:htmlMethods.Serialization_DeSerialization@5e600dd5]" started-at="2024-09-18T10:59:40 IST" name="testdeserialization" finished-at="2024-09-18T10:59:40 IST" duration-ms="26" status="PASS">
          <reporter-output>
          </reporter-output>
        </test-method> <!-- testdeserialization -->
      </class> <!-- htmlMethods.Serialization_DeSerialization -->
    </test> <!-- Default test -->
  </suite> <!-- Default suite -->
</testng-results>
